Using pre-set license
Built from '2020.3/staging' branch; Version is '2020.3.22f1 (e1a7f79fd887) revision 14788599'; Using compiler version '192528614'; Build Type 'Release'
OS: 'Windows 10 Home; OS build 22000.376; Version 2009; 64bit' Language: 'it' Physical Memory: 16205 MB
BatchMode: 1, IsHumanControllingUs: 0, StartBugReporterOnCrash: 0, Is64bit: 1, IsPro: 0

COMMAND LINE ARGUMENTS:
C:\Program Files\Unity\Hub\Editor\2020.3.22f1\Editor\Unity.exe
-adb2
-batchMode
-noUpm
-name
AssetImportWorker1
-projectPath
C:/Users/andre/Desktop/UNI/eHealth/eHealth Unity Project
-logFile
Logs/AssetImportWorker1.log
-srvPort
64644
Successfully changed project path to: C:/Users/andre/Desktop/UNI/eHealth/eHealth Unity Project
C:/Users/andre/Desktop/UNI/eHealth/eHealth Unity Project
Using Asset Import Pipeline V2.
Refreshing native plugins compatible for Editor in 43.25 ms, found 3 plugins.
Preloading 0 native plugins for Editor in 0.00 ms.
Initialize engine version: 2020.3.22f1 (e1a7f79fd887)
[Subsystems] Discovering subsystems at path C:/Program Files/Unity/Hub/Editor/2020.3.22f1/Editor/Data/Resources/UnitySubsystems
[Subsystems] Discovering subsystems at path C:/Users/andre/Desktop/UNI/eHealth/eHealth Unity Project/Assets
GfxDevice: creating device client; threaded=0
Direct3D:
    Version:  Direct3D 11.0 [level 11.1]
    Renderer: NVIDIA GeForce RTX 3060 Laptop GPU (ID=0x2520)
    Vendor:   
    VRAM:     6023 MB
    Driver:   30.0.14.9649
Initialize mono
Mono path[0] = 'C:/Program Files/Unity/Hub/Editor/2020.3.22f1/Editor/Data/Managed'
Mono path[1] = 'C:/Program Files/Unity/Hub/Editor/2020.3.22f1/Editor/Data/MonoBleedingEdge/lib/mono/unityjit'
Mono config path = 'C:/Program Files/Unity/Hub/Editor/2020.3.22f1/Editor/Data/MonoBleedingEdge/etc'
Using monoOptions --debugger-agent=transport=dt_socket,embedding=1,server=y,suspend=n,address=127.0.0.1:56088
Begin MonoManager ReloadAssembly
Registering precompiled unity dll's ...
Register platform support module: C:/Program Files/Unity/Hub/Editor/2020.3.22f1/Editor/Data/PlaybackEngines/WindowsStandaloneSupport/UnityEditor.WindowsStandalone.Extensions.dll
Registered in 0.001164 seconds.
Native extension for WindowsStandalone target not found
Refreshing native plugins compatible for Editor in 44.37 ms, found 3 plugins.
Preloading 0 native plugins for Editor in 0.00 ms.
Mono: successfully reloaded assembly
- Completed reload, in  1.131 seconds
Domain Reload Profiling:
	ReloadAssembly (1131ms)
		BeginReloadAssembly (43ms)
			ExecutionOrderSort (0ms)
			DisableScriptedObjects (0ms)
			BackupInstance (0ms)
			ReleaseScriptingObjects (0ms)
			CreateAndSetChildDomain (1ms)
		EndReloadAssembly (475ms)
			LoadAssemblies (42ms)
			RebuildTransferFunctionScriptingTraits (0ms)
			SetupTypeCache (221ms)
			ReleaseScriptCaches (0ms)
			RebuildScriptCaches (25ms)
			SetupLoadedEditorAssemblies (151ms)
				LogAssemblyErrors (0ms)
				InitializePlatformSupportModulesInManaged (3ms)
				SetLoadedEditorAssemblies (0ms)
				RefreshPlugins (44ms)
				BeforeProcessingInitializeOnLoad (7ms)
				ProcessInitializeOnLoadAttributes (66ms)
				ProcessInitializeOnLoadMethodAttributes (30ms)
				AfterProcessingInitializeOnLoad (0ms)
				EditorAssembliesLoaded (0ms)
			ExecutionOrderSort2 (0ms)
			AwakeInstancesAfterBackupRestoration (0ms)
Platform modules already initialized, skipping
Registering precompiled user dll's ...
Registered in 0.004083 seconds.
Begin MonoManager ReloadAssembly
Native extension for WindowsStandalone target not found
Refreshing native plugins compatible for Editor in 43.81 ms, found 3 plugins.
Preloading 0 native plugins for Editor in 0.00 ms.
Mono: successfully reloaded assembly
- Completed reload, in  1.006 seconds
Domain Reload Profiling:
	ReloadAssembly (1007ms)
		BeginReloadAssembly (121ms)
			ExecutionOrderSort (0ms)
			DisableScriptedObjects (4ms)
			BackupInstance (0ms)
			ReleaseScriptingObjects (0ms)
			CreateAndSetChildDomain (16ms)
		EndReloadAssembly (832ms)
			LoadAssemblies (75ms)
			RebuildTransferFunctionScriptingTraits (0ms)
			SetupTypeCache (262ms)
			ReleaseScriptCaches (0ms)
			RebuildScriptCaches (41ms)
			SetupLoadedEditorAssemblies (345ms)
				LogAssemblyErrors (0ms)
				InitializePlatformSupportModulesInManaged (3ms)
				SetLoadedEditorAssemblies (0ms)
				RefreshPlugins (44ms)
				BeforeProcessingInitializeOnLoad (53ms)
				ProcessInitializeOnLoadAttributes (228ms)
				ProcessInitializeOnLoadMethodAttributes (14ms)
				AfterProcessingInitializeOnLoad (4ms)
				EditorAssembliesLoaded (0ms)
			ExecutionOrderSort2 (0ms)
			AwakeInstancesAfterBackupRestoration (5ms)
Platform modules already initialized, skipping
========================================================================
Worker process is ready to serve import requests
Launched and connected shader compiler UnityShaderCompiler.exe after 0.09 seconds
Refreshing native plugins compatible for Editor in 0.70 ms, found 3 plugins.
Preloading 0 native plugins for Editor in 0.00 ms.
Unloading 2227 Unused Serialized files (Serialized files now loaded: 0)
System memory in use before: 99.2 MB.
System memory in use after: 99.3 MB.

Unloading 29 unused Assets to reduce memory usage. Loaded Objects now: 2667.
Total: 3.302100 ms (FindLiveObjects: 0.212900 ms CreateObjectMapping: 0.126800 ms MarkObjects: 2.903000 ms  DeleteObjects: 0.058300 ms)

AssetImportParameters requested are different than current active one (requested -> active):
  custom:framework-win-MediaFoundation: 216162199b28c13a410421893ffa2e32 -> 
  custom:video-decoder-ogg-theora: a1e56fd34408186e4bbccfd4996cb3dc -> 
  custom:container-muxer-webm: aa71ff27fc2769a1b78a27578f13a17b -> 
  custom:container-demuxer-webm: 4f35f7cbe854078d1ac9338744f61a02 -> 
  custom:container-demuxer-ogg: 62fdf1f143b41e24485cea50d1cbac27 -> 
  custom:video-encoder-webm-vp8: eb34c28f22e8b96e1ab97ce403110664 -> 
  custom:video-decoder-webm-vp8: 9c59270c3fd7afecdb556c50c9e8de78 -> 
  custom:audio-decoder-ogg-vorbis: bf7c407c2cedff20999df2af8eb42d56 -> 
  custom:audio-encoder-webm-vorbis: bf7c407c2cedff20999df2af8eb42d56 -> 
========================================================================
Received Import Request.
  path: Assets/Scenes/Level 4.unity
  artifactKey: Guid(5fb9f9885e3bf0a48ba1a52bb9e9c3c5) Importer(815301076,1909f56bfc062723c751e8b465ee728b)
Start importing Assets/Scenes/Level 4.unity using Guid(5fb9f9885e3bf0a48ba1a52bb9e9c3c5) Importer(815301076,1909f56bfc062723c751e8b465ee728b)  -> (artifact id: 'add4b73aa18c530ec0124e67f70fc40a') in 0.014384 seconds 
  Import took 0.018042 seconds .

========================================================================
Received Import Request.
  Time since last request: 14.042853 seconds.
  path: Assets/Scenes/Level 3.unity
  artifactKey: Guid(fe71c893c457b0a4c800fa5497b4fda4) Importer(815301076,1909f56bfc062723c751e8b465ee728b)
Start importing Assets/Scenes/Level 3.unity using Guid(fe71c893c457b0a4c800fa5497b4fda4) Importer(815301076,1909f56bfc062723c751e8b465ee728b)  -> (artifact id: '6bf32be58ade1adefe9531d6bdd93da7') in 0.004585 seconds 
  Import took 0.008415 seconds .

========================================================================
Received Import Request.
  Time since last request: 13.845249 seconds.
  path: Assets/Scenes/Level 2.unity
  artifactKey: Guid(53c93a9686c527445988d241b02305a5) Importer(815301076,1909f56bfc062723c751e8b465ee728b)
Start importing Assets/Scenes/Level 2.unity using Guid(53c93a9686c527445988d241b02305a5) Importer(815301076,1909f56bfc062723c751e8b465ee728b)  -> (artifact id: '53e25812b21037e64c486cb50e29a4d6') in 0.004485 seconds 
  Import took 0.008731 seconds .

========================================================================
Received Import Request.
  Time since last request: 11.663134 seconds.
  path: Assets/Scenes/Level 1.unity
  artifactKey: Guid(f8a3b7e63c96272428b8c919fafb3b98) Importer(815301076,1909f56bfc062723c751e8b465ee728b)
Start importing Assets/Scenes/Level 1.unity using Guid(f8a3b7e63c96272428b8c919fafb3b98) Importer(815301076,1909f56bfc062723c751e8b465ee728b)  -> (artifact id: 'a50495a7c97456ba58f71ba516241a42') in 0.004258 seconds 
  Import took 0.008654 seconds .

========================================================================
Received Import Request.
  Time since last request: 28.981334 seconds.
  path: Assets/Scenes/Intro_prova.unity
  artifactKey: Guid(9fc88d9858a10bf4b858c7e63cfd5d68) Importer(815301076,1909f56bfc062723c751e8b465ee728b)
Start importing Assets/Scenes/Intro_prova.unity using Guid(9fc88d9858a10bf4b858c7e63cfd5d68) Importer(815301076,1909f56bfc062723c751e8b465ee728b)  -> (artifact id: 'd94b61826fec4fd3cc51a75380cbbb22') in 0.012073 seconds 
  Import took 0.017042 seconds .

========================================================================
Received Import Request.
  Time since last request: 36.974922 seconds.
  path: Assets/Graphical Assets/Characters/friend's family (2).png
  artifactKey: Guid(e08473e93c1161f4c8434a61d826ba72) Importer(815301076,1909f56bfc062723c751e8b465ee728b)
Start importing Assets/Graphical Assets/Characters/friend's family (2).png using Guid(e08473e93c1161f4c8434a61d826ba72) Importer(815301076,1909f56bfc062723c751e8b465ee728b)  -> (artifact id: 'b8869dc1784cb79559becb1b90cecbde') in 0.077755 seconds 
  Import took 0.081285 seconds .

========================================================================
Received Import Request.
  Time since last request: 0.000311 seconds.
  path: Assets/Graphical Assets/Characters/friend's family.png
  artifactKey: Guid(cb041f57a0ed41042ab814fd7cc5d9bf) Importer(815301076,1909f56bfc062723c751e8b465ee728b)
Start importing Assets/Graphical Assets/Characters/friend's family.png using Guid(cb041f57a0ed41042ab814fd7cc5d9bf) Importer(815301076,1909f56bfc062723c751e8b465ee728b)  -> (artifact id: '63fe0bbc1b56486d5572bc9b4052da48') in 0.014384 seconds 
  Import took 0.017234 seconds .

========================================================================
Received Import Request.
  Time since last request: 0.000286 seconds.
  path: Assets/Graphical Assets/Characters/friend's family (3).png
  artifactKey: Guid(7f57b4a790d2e0d469d93203681ebc37) Importer(815301076,1909f56bfc062723c751e8b465ee728b)
Start importing Assets/Graphical Assets/Characters/friend's family (3).png using Guid(7f57b4a790d2e0d469d93203681ebc37) Importer(815301076,1909f56bfc062723c751e8b465ee728b)  -> (artifact id: '475085fff1d440e7e20dc1bb2029a68e') in 0.018986 seconds 
  Import took 0.023438 seconds .

========================================================================
Received Import Request.
  Time since last request: 0.000435 seconds.
  path: Assets/Graphical Assets/Characters/friend's family (4).png
  artifactKey: Guid(808f1f43c10cdd944aedf009cc397e34) Importer(815301076,1909f56bfc062723c751e8b465ee728b)
Start importing Assets/Graphical Assets/Characters/friend's family (4).png using Guid(808f1f43c10cdd944aedf009cc397e34) Importer(815301076,1909f56bfc062723c751e8b465ee728b)  -> (artifact id: 'f10034167285607cc6451c892a6f4a64') in 0.021134 seconds 
  Import took 0.025815 seconds .

========================================================================
Received Prepare
Registering precompiled user dll's ...
Registered in 0.003724 seconds.
Begin MonoManager ReloadAssembly
Native extension for WindowsStandalone target not found
Refreshing native plugins compatible for Editor in 0.56 ms, found 3 plugins.
Preloading 0 native plugins for Editor in 0.00 ms.
Mono: successfully reloaded assembly
- Completed reload, in  0.872 seconds
Domain Reload Profiling:
	ReloadAssembly (872ms)
		BeginReloadAssembly (106ms)
			ExecutionOrderSort (0ms)
			DisableScriptedObjects (7ms)
			BackupInstance (0ms)
			ReleaseScriptingObjects (0ms)
			CreateAndSetChildDomain (30ms)
		EndReloadAssembly (715ms)
			LoadAssemblies (73ms)
			RebuildTransferFunctionScriptingTraits (0ms)
			SetupTypeCache (247ms)
			ReleaseScriptCaches (1ms)
			RebuildScriptCaches (37ms)
			SetupLoadedEditorAssemblies (249ms)
				LogAssemblyErrors (0ms)
				InitializePlatformSupportModulesInManaged (4ms)
				SetLoadedEditorAssemblies (0ms)
				RefreshPlugins (1ms)
				BeforeProcessingInitializeOnLoad (51ms)
				ProcessInitializeOnLoadAttributes (180ms)
				ProcessInitializeOnLoadMethodAttributes (9ms)
				AfterProcessingInitializeOnLoad (4ms)
				EditorAssembliesLoaded (0ms)
			ExecutionOrderSort2 (0ms)
			AwakeInstancesAfterBackupRestoration (8ms)
Platform modules already initialized, skipping
Refreshing native plugins compatible for Editor in 0.53 ms, found 3 plugins.
Preloading 0 native plugins for Editor in 0.00 ms.
Unloading 2201 Unused Serialized files (Serialized files now loaded: 0)
System memory in use before: 100.0 MB.
System memory in use after: 100.1 MB.

Unloading 18 unused Assets to reduce memory usage. Loaded Objects now: 2675.
Total: 2.840800 ms (FindLiveObjects: 0.205700 ms CreateObjectMapping: 0.100200 ms MarkObjects: 2.518700 ms  DeleteObjects: 0.015100 ms)

AssetImportParameters requested are different than current active one (requested -> active):
  custom:framework-win-MediaFoundation: 216162199b28c13a410421893ffa2e32 -> 
  custom:video-decoder-ogg-theora: a1e56fd34408186e4bbccfd4996cb3dc -> 
  custom:container-muxer-webm: aa71ff27fc2769a1b78a27578f13a17b -> 
  custom:container-demuxer-webm: 4f35f7cbe854078d1ac9338744f61a02 -> 
  custom:container-demuxer-ogg: 62fdf1f143b41e24485cea50d1cbac27 -> 
  custom:video-encoder-webm-vp8: eb34c28f22e8b96e1ab97ce403110664 -> 
  custom:video-decoder-webm-vp8: 9c59270c3fd7afecdb556c50c9e8de78 -> 
  custom:audio-decoder-ogg-vorbis: bf7c407c2cedff20999df2af8eb42d56 -> 
  custom:audio-encoder-webm-vorbis: bf7c407c2cedff20999df2af8eb42d56 -> 
========================================================================
Received Prepare
Registering precompiled user dll's ...
Registered in 0.003970 seconds.
Begin MonoManager ReloadAssembly
Native extension for WindowsStandalone target not found
Refreshing native plugins compatible for Editor in 0.50 ms, found 3 plugins.
Preloading 0 native plugins for Editor in 0.00 ms.
Mono: successfully reloaded assembly
- Completed reload, in  0.867 seconds
Domain Reload Profiling:
	ReloadAssembly (867ms)
		BeginReloadAssembly (94ms)
			ExecutionOrderSort (0ms)
			DisableScriptedObjects (5ms)
			BackupInstance (0ms)
			ReleaseScriptingObjects (0ms)
			CreateAndSetChildDomain (31ms)
		EndReloadAssembly (719ms)
			LoadAssemblies (76ms)
			RebuildTransferFunctionScriptingTraits (0ms)
			SetupTypeCache (261ms)
			ReleaseScriptCaches (1ms)
			RebuildScriptCaches (38ms)
			SetupLoadedEditorAssemblies (255ms)
				LogAssemblyErrors (0ms)
				InitializePlatformSupportModulesInManaged (4ms)
				SetLoadedEditorAssemblies (0ms)
				RefreshPlugins (1ms)
				BeforeProcessingInitializeOnLoad (50ms)
				ProcessInitializeOnLoadAttributes (185ms)
				ProcessInitializeOnLoadMethodAttributes (11ms)
				AfterProcessingInitializeOnLoad (4ms)
				EditorAssembliesLoaded (0ms)
			ExecutionOrderSort2 (0ms)
			AwakeInstancesAfterBackupRestoration (8ms)
Platform modules already initialized, skipping
Refreshing native plugins compatible for Editor in 0.51 ms, found 3 plugins.
Preloading 0 native plugins for Editor in 0.00 ms.
Unloading 2201 Unused Serialized files (Serialized files now loaded: 0)
System memory in use before: 100.0 MB.
System memory in use after: 100.2 MB.

Unloading 18 unused Assets to reduce memory usage. Loaded Objects now: 2677.
Total: 2.551700 ms (FindLiveObjects: 0.161800 ms CreateObjectMapping: 0.070500 ms MarkObjects: 2.305800 ms  DeleteObjects: 0.012900 ms)

AssetImportParameters requested are different than current active one (requested -> active):
  custom:framework-win-MediaFoundation: 216162199b28c13a410421893ffa2e32 -> 
  custom:video-decoder-ogg-theora: a1e56fd34408186e4bbccfd4996cb3dc -> 
  custom:container-muxer-webm: aa71ff27fc2769a1b78a27578f13a17b -> 
  custom:container-demuxer-webm: 4f35f7cbe854078d1ac9338744f61a02 -> 
  custom:container-demuxer-ogg: 62fdf1f143b41e24485cea50d1cbac27 -> 
  custom:video-encoder-webm-vp8: eb34c28f22e8b96e1ab97ce403110664 -> 
  custom:video-decoder-webm-vp8: 9c59270c3fd7afecdb556c50c9e8de78 -> 
  custom:audio-decoder-ogg-vorbis: bf7c407c2cedff20999df2af8eb42d56 -> 
  custom:audio-encoder-webm-vorbis: bf7c407c2cedff20999df2af8eb42d56 -> 
========================================================================
Received Prepare
Registering precompiled user dll's ...
Registered in 0.005050 seconds.
Begin MonoManager ReloadAssembly
Native extension for WindowsStandalone target not found
Refreshing native plugins compatible for Editor in 0.58 ms, found 3 plugins.
Preloading 0 native plugins for Editor in 0.00 ms.
Mono: successfully reloaded assembly
- Completed reload, in  1.066 seconds
Domain Reload Profiling:
	ReloadAssembly (1067ms)
		BeginReloadAssembly (126ms)
			ExecutionOrderSort (0ms)
			DisableScriptedObjects (6ms)
			BackupInstance (0ms)
			ReleaseScriptingObjects (0ms)
			CreateAndSetChildDomain (42ms)
		EndReloadAssembly (879ms)
			LoadAssemblies (92ms)
			RebuildTransferFunctionScriptingTraits (0ms)
			SetupTypeCache (330ms)
			ReleaseScriptCaches (1ms)
			RebuildScriptCaches (45ms)
			SetupLoadedEditorAssemblies (303ms)
				LogAssemblyErrors (0ms)
				InitializePlatformSupportModulesInManaged (5ms)
				SetLoadedEditorAssemblies (0ms)
				RefreshPlugins (1ms)
				BeforeProcessingInitializeOnLoad (61ms)
				ProcessInitializeOnLoadAttributes (217ms)
				ProcessInitializeOnLoadMethodAttributes (13ms)
				AfterProcessingInitializeOnLoad (5ms)
				EditorAssembliesLoaded (0ms)
			ExecutionOrderSort2 (0ms)
			AwakeInstancesAfterBackupRestoration (10ms)
Platform modules already initialized, skipping
Refreshing native plugins compatible for Editor in 0.63 ms, found 3 plugins.
Preloading 0 native plugins for Editor in 0.00 ms.
Unloading 2201 Unused Serialized files (Serialized files now loaded: 0)
System memory in use before: 100.1 MB.
System memory in use after: 100.2 MB.

Unloading 18 unused Assets to reduce memory usage. Loaded Objects now: 2679.
Total: 4.029200 ms (FindLiveObjects: 0.259100 ms CreateObjectMapping: 0.151300 ms MarkObjects: 3.578800 ms  DeleteObjects: 0.038600 ms)

AssetImportParameters requested are different than current active one (requested -> active):
  custom:framework-win-MediaFoundation: 216162199b28c13a410421893ffa2e32 -> 
  custom:video-decoder-ogg-theora: a1e56fd34408186e4bbccfd4996cb3dc -> 
  custom:container-muxer-webm: aa71ff27fc2769a1b78a27578f13a17b -> 
  custom:container-demuxer-webm: 4f35f7cbe854078d1ac9338744f61a02 -> 
  custom:container-demuxer-ogg: 62fdf1f143b41e24485cea50d1cbac27 -> 
  custom:video-encoder-webm-vp8: eb34c28f22e8b96e1ab97ce403110664 -> 
  custom:video-decoder-webm-vp8: 9c59270c3fd7afecdb556c50c9e8de78 -> 
  custom:audio-decoder-ogg-vorbis: bf7c407c2cedff20999df2af8eb42d56 -> 
  custom:audio-encoder-webm-vorbis: bf7c407c2cedff20999df2af8eb42d56 -> 
========================================================================
Received Import Request.
  Time since last request: 606.567682 seconds.
  path: Assets/Graphical Assets/Characters/main 1.png
  artifactKey: Guid(1d3fee8e62844d6449a80153ffa5555f) Importer(815301076,1909f56bfc062723c751e8b465ee728b)
Start importing Assets/Graphical Assets/Characters/main 1.png using Guid(1d3fee8e62844d6449a80153ffa5555f) Importer(815301076,1909f56bfc062723c751e8b465ee728b)  -> (artifact id: '7908a07b1db9acde1c906bfaaaa55691') in 0.056813 seconds 
  Import took 0.062001 seconds .

========================================================================
Received Import Request.
  Time since last request: 0.000218 seconds.
  path: Assets/Graphical Assets/Characters/main 2.png
  artifactKey: Guid(350d52bf72e9f8a479f6647451bbd705) Importer(815301076,1909f56bfc062723c751e8b465ee728b)
Start importing Assets/Graphical Assets/Characters/main 2.png using Guid(350d52bf72e9f8a479f6647451bbd705) Importer(815301076,1909f56bfc062723c751e8b465ee728b)  -> (artifact id: 'ee40124371568a2beadbebc5d9269a6a') in 0.018087 seconds 
  Import took 0.021323 seconds .

========================================================================
Received Import Request.
  Time since last request: 7.405924 seconds.
  path: Assets/Scenes/Level 1.unity
  artifactKey: Guid(f8a3b7e63c96272428b8c919fafb3b98) Importer(815301076,1909f56bfc062723c751e8b465ee728b)
Start importing Assets/Scenes/Level 1.unity using Guid(f8a3b7e63c96272428b8c919fafb3b98) Importer(815301076,1909f56bfc062723c751e8b465ee728b)  -> (artifact id: '6226998db5b02da3cba22540e68fe1e0') in 0.004540 seconds 
  Import took 0.011041 seconds .

========================================================================
Received Import Request.
  Time since last request: 108.680794 seconds.
  path: Assets/Graphical Assets/Characters/Grafiche eHealth (1).png
  artifactKey: Guid(c556f67a0c5ecee49b1c46d63d5c68d1) Importer(815301076,1909f56bfc062723c751e8b465ee728b)
Start importing Assets/Graphical Assets/Characters/Grafiche eHealth (1).png using Guid(c556f67a0c5ecee49b1c46d63d5c68d1) Importer(815301076,1909f56bfc062723c751e8b465ee728b)  -> (artifact id: 'ce33e07c6c48f6c42279251f571e3ec9') in 0.017769 seconds 
  Import took 0.022320 seconds .

========================================================================
Received Prepare
Registering precompiled user dll's ...
Registered in 0.004530 seconds.
Begin MonoManager ReloadAssembly
Native extension for WindowsStandalone target not found
Refreshing native plugins compatible for Editor in 0.51 ms, found 3 plugins.
Preloading 0 native plugins for Editor in 0.00 ms.
Mono: successfully reloaded assembly
- Completed reload, in  0.884 seconds
Domain Reload Profiling:
	ReloadAssembly (885ms)
		BeginReloadAssembly (96ms)
			ExecutionOrderSort (0ms)
			DisableScriptedObjects (8ms)
			BackupInstance (0ms)
			ReleaseScriptingObjects (0ms)
			CreateAndSetChildDomain (33ms)
		EndReloadAssembly (737ms)
			LoadAssemblies (73ms)
			RebuildTransferFunctionScriptingTraits (0ms)
			SetupTypeCache (264ms)
			ReleaseScriptCaches (1ms)
			RebuildScriptCaches (40ms)
			SetupLoadedEditorAssemblies (265ms)
				LogAssemblyErrors (0ms)
				InitializePlatformSupportModulesInManaged (4ms)
				SetLoadedEditorAssemblies (0ms)
				RefreshPlugins (1ms)
				BeforeProcessingInitializeOnLoad (54ms)
				ProcessInitializeOnLoadAttributes (191ms)
				ProcessInitializeOnLoadMethodAttributes (10ms)
				AfterProcessingInitializeOnLoad (4ms)
				EditorAssembliesLoaded (0ms)
			ExecutionOrderSort2 (0ms)
			AwakeInstancesAfterBackupRestoration (8ms)
Platform modules already initialized, skipping
Refreshing native plugins compatible for Editor in 0.54 ms, found 3 plugins.
Preloading 0 native plugins for Editor in 0.00 ms.
Unloading 2201 Unused Serialized files (Serialized files now loaded: 0)
System memory in use before: 100.1 MB.
System memory in use after: 100.2 MB.

Unloading 18 unused Assets to reduce memory usage. Loaded Objects now: 2684.
Total: 3.279400 ms (FindLiveObjects: 0.223900 ms CreateObjectMapping: 0.104000 ms MarkObjects: 2.907700 ms  DeleteObjects: 0.042600 ms)

AssetImportParameters requested are different than current active one (requested -> active):
  custom:framework-win-MediaFoundation: 216162199b28c13a410421893ffa2e32 -> 
  custom:video-decoder-ogg-theora: a1e56fd34408186e4bbccfd4996cb3dc -> 
  custom:container-muxer-webm: aa71ff27fc2769a1b78a27578f13a17b -> 
  custom:container-demuxer-webm: 4f35f7cbe854078d1ac9338744f61a02 -> 
  custom:container-demuxer-ogg: 62fdf1f143b41e24485cea50d1cbac27 -> 
  custom:video-encoder-webm-vp8: eb34c28f22e8b96e1ab97ce403110664 -> 
  custom:video-decoder-webm-vp8: 9c59270c3fd7afecdb556c50c9e8de78 -> 
  custom:audio-decoder-ogg-vorbis: bf7c407c2cedff20999df2af8eb42d56 -> 
  custom:audio-encoder-webm-vorbis: bf7c407c2cedff20999df2af8eb42d56 -> 
========================================================================
Received Import Request.
  Time since last request: 30.807313 seconds.
  path: Assets/Scenes/Level 2.unity
  artifactKey: Guid(53c93a9686c527445988d241b02305a5) Importer(815301076,1909f56bfc062723c751e8b465ee728b)
Start importing Assets/Scenes/Level 2.unity using Guid(53c93a9686c527445988d241b02305a5) Importer(815301076,1909f56bfc062723c751e8b465ee728b)  -> (artifact id: 'faec415b1f999bb08ac2e6c6384dffde') in 0.019812 seconds 
  Import took 0.023687 seconds .

========================================================================
Received Import Request.
  Time since last request: 19.660268 seconds.
  path: Assets/Scenes/Level 3.unity
  artifactKey: Guid(fe71c893c457b0a4c800fa5497b4fda4) Importer(815301076,1909f56bfc062723c751e8b465ee728b)
Start importing Assets/Scenes/Level 3.unity using Guid(fe71c893c457b0a4c800fa5497b4fda4) Importer(815301076,1909f56bfc062723c751e8b465ee728b)  -> (artifact id: '146a6b5bba18c4108057afebe70e5abf') in 0.007177 seconds 
  Import took 0.010760 seconds .

========================================================================
Received Import Request.
  Time since last request: 18.455333 seconds.
  path: Assets/Scenes/Level 4.unity
  artifactKey: Guid(5fb9f9885e3bf0a48ba1a52bb9e9c3c5) Importer(815301076,1909f56bfc062723c751e8b465ee728b)
Start importing Assets/Scenes/Level 4.unity using Guid(5fb9f9885e3bf0a48ba1a52bb9e9c3c5) Importer(815301076,1909f56bfc062723c751e8b465ee728b)  -> (artifact id: 'b71e71b791858e45c2906cd07bd886ab') in 0.004263 seconds 
  Import took 0.010204 seconds .

========================================================================
Received Import Request.
  Time since last request: 30.678527 seconds.
  path: Assets/Scenes/Level 5.unity
  artifactKey: Guid(f7b01439d2acb12409eccee71c59d466) Importer(815301076,1909f56bfc062723c751e8b465ee728b)
Start importing Assets/Scenes/Level 5.unity using Guid(f7b01439d2acb12409eccee71c59d466) Importer(815301076,1909f56bfc062723c751e8b465ee728b)  -> (artifact id: 'f481f18a9b1cb64af3c6540b7864f63c') in 0.003177 seconds 
  Import took 0.007436 seconds .

========================================================================
Received Import Request.
  Time since last request: 23.509775 seconds.
  path: Assets/Scenes/Level 3.unity
  artifactKey: Guid(fe71c893c457b0a4c800fa5497b4fda4) Importer(815301076,1909f56bfc062723c751e8b465ee728b)
Start importing Assets/Scenes/Level 3.unity using Guid(fe71c893c457b0a4c800fa5497b4fda4) Importer(815301076,1909f56bfc062723c751e8b465ee728b)  -> (artifact id: '1b8f0e6f33a1da44209b2a7f6abc8259') in 0.003107 seconds 
  Import took 0.008080 seconds .

========================================================================
Received Import Request.
  Time since last request: 208.097202 seconds.
  path: Assets/Graphical Assets/JMO Assets/Cartoon FX/CFX2 Prefabs/Water/CFX2_Big_Splash (No Collision).prefab
  artifactKey: Guid(77c69ec12208c4c4380d15e30b6f8f68) Importer(815301076,1909f56bfc062723c751e8b465ee728b)
Start importing Assets/Graphical Assets/JMO Assets/Cartoon FX/CFX2 Prefabs/Water/CFX2_Big_Splash (No Collision).prefab using Guid(77c69ec12208c4c4380d15e30b6f8f68) Importer(815301076,1909f56bfc062723c751e8b465ee728b)  -> (artifact id: '977454cb2b1f33e72911714aa4122a26') in 0.070636 seconds 
  Import took 0.074761 seconds .

========================================================================
Received Import Request.
  Time since last request: 57.436817 seconds.
  path: Assets/Scenes/Level 4.unity
  artifactKey: Guid(5fb9f9885e3bf0a48ba1a52bb9e9c3c5) Importer(815301076,1909f56bfc062723c751e8b465ee728b)
Start importing Assets/Scenes/Level 4.unity using Guid(5fb9f9885e3bf0a48ba1a52bb9e9c3c5) Importer(815301076,1909f56bfc062723c751e8b465ee728b)  -> (artifact id: 'aabb22c0525f805790574061a50aa7ba') in 0.004256 seconds 
  Import took 0.008478 seconds .

========================================================================
Received Import Request.
  Time since last request: 9.043784 seconds.
  path: Assets/Scenes/Level 5.unity
  artifactKey: Guid(f7b01439d2acb12409eccee71c59d466) Importer(815301076,1909f56bfc062723c751e8b465ee728b)
Start importing Assets/Scenes/Level 5.unity using Guid(f7b01439d2acb12409eccee71c59d466) Importer(815301076,1909f56bfc062723c751e8b465ee728b)  -> (artifact id: 'ed433e651086ef50317127ead0e42124') in 0.003732 seconds 
  Import took 0.007777 seconds .

========================================================================
Received Import Request.
  Time since last request: 26.488149 seconds.
  path: Assets/Scenes/Level 4.unity
  artifactKey: Guid(5fb9f9885e3bf0a48ba1a52bb9e9c3c5) Importer(815301076,1909f56bfc062723c751e8b465ee728b)
Start importing Assets/Scenes/Level 4.unity using Guid(5fb9f9885e3bf0a48ba1a52bb9e9c3c5) Importer(815301076,1909f56bfc062723c751e8b465ee728b)  -> (artifact id: 'd9f3f8b919c3364ac15ea6b996c35afb') in 0.006409 seconds 
  Import took 0.009860 seconds .

========================================================================
Received Import Request.
  Time since last request: 1.524895 seconds.
  path: Assets/Scenes/Tutorial.unity
  artifactKey: Guid(11063e9d30a0bfc4d94cb1e19213adfe) Importer(815301076,1909f56bfc062723c751e8b465ee728b)
Start importing Assets/Scenes/Tutorial.unity using Guid(11063e9d30a0bfc4d94cb1e19213adfe) Importer(815301076,1909f56bfc062723c751e8b465ee728b)  -> (artifact id: '910a28b24da9a9b5d38507087d403089') in 0.011183 seconds 
  Import took 0.015449 seconds .

========================================================================
Received Prepare
Registering precompiled user dll's ...
Registered in 0.003773 seconds.
Begin MonoManager ReloadAssembly
Native extension for WindowsStandalone target not found
Refreshing native plugins compatible for Editor in 0.52 ms, found 3 plugins.
Preloading 0 native plugins for Editor in 0.00 ms.
Mono: successfully reloaded assembly
- Completed reload, in  1.111 seconds
Domain Reload Profiling:
	ReloadAssembly (1112ms)
		BeginReloadAssembly (107ms)
			ExecutionOrderSort (0ms)
			DisableScriptedObjects (5ms)
			BackupInstance (0ms)
			ReleaseScriptingObjects (0ms)
			CreateAndSetChildDomain (42ms)
		EndReloadAssembly (943ms)
			LoadAssemblies (85ms)
			RebuildTransferFunctionScriptingTraits (0ms)
			SetupTypeCache (308ms)
			ReleaseScriptCaches (1ms)
			RebuildScriptCaches (41ms)
			SetupLoadedEditorAssemblies (407ms)
				LogAssemblyErrors (0ms)
				InitializePlatformSupportModulesInManaged (4ms)
				SetLoadedEditorAssemblies (0ms)
				RefreshPlugins (1ms)
				BeforeProcessingInitializeOnLoad (53ms)
				ProcessInitializeOnLoadAttributes (334ms)
				ProcessInitializeOnLoadMethodAttributes (12ms)
				AfterProcessingInitializeOnLoad (4ms)
				EditorAssembliesLoaded (0ms)
			ExecutionOrderSort2 (0ms)
			AwakeInstancesAfterBackupRestoration (10ms)
Platform modules already initialized, skipping
Refreshing native plugins compatible for Editor in 1.36 ms, found 3 plugins.
Preloading 0 native plugins for Editor in 0.00 ms.
Unloading 2201 Unused Serialized files (Serialized files now loaded: 0)
System memory in use before: 100.2 MB.
System memory in use after: 100.3 MB.

Unloading 18 unused Assets to reduce memory usage. Loaded Objects now: 2690.
Total: 5.287800 ms (FindLiveObjects: 0.372600 ms CreateObjectMapping: 0.176500 ms MarkObjects: 4.703100 ms  DeleteObjects: 0.033700 ms)

AssetImportParameters requested are different than current active one (requested -> active):
  custom:framework-win-MediaFoundation: 216162199b28c13a410421893ffa2e32 -> 
  custom:video-decoder-ogg-theora: a1e56fd34408186e4bbccfd4996cb3dc -> 
  custom:container-muxer-webm: aa71ff27fc2769a1b78a27578f13a17b -> 
  custom:container-demuxer-webm: 4f35f7cbe854078d1ac9338744f61a02 -> 
  custom:container-demuxer-ogg: 62fdf1f143b41e24485cea50d1cbac27 -> 
  custom:video-encoder-webm-vp8: eb34c28f22e8b96e1ab97ce403110664 -> 
  custom:video-decoder-webm-vp8: 9c59270c3fd7afecdb556c50c9e8de78 -> 
  custom:audio-decoder-ogg-vorbis: bf7c407c2cedff20999df2af8eb42d56 -> 
  custom:audio-encoder-webm-vorbis: bf7c407c2cedff20999df2af8eb42d56 -> 
========================================================================
Received Prepare
Refreshing native plugins compatible for Editor in 3.73 ms, found 3 plugins.
Preloading 0 native plugins for Editor in 0.00 ms.
Unloading 16 Unused Serialized files (Serialized files now loaded: 0)
System memory in use before: 57.0 MB.
System memory in use after: 57.2 MB.

Unloading 16 unused Assets to reduce memory usage. Loaded Objects now: 2690.
Total: 2.771900 ms (FindLiveObjects: 0.262100 ms CreateObjectMapping: 0.102600 ms MarkObjects: 2.395400 ms  DeleteObjects: 0.011300 ms)

AssetImportParameters requested are different than current active one (requested -> active):
  custom:framework-win-MediaFoundation: 216162199b28c13a410421893ffa2e32 -> 
  custom:video-decoder-ogg-theora: a1e56fd34408186e4bbccfd4996cb3dc -> 
  custom:container-muxer-webm: aa71ff27fc2769a1b78a27578f13a17b -> 
  custom:container-demuxer-webm: 4f35f7cbe854078d1ac9338744f61a02 -> 
  custom:container-demuxer-ogg: 62fdf1f143b41e24485cea50d1cbac27 -> 
  custom:video-encoder-webm-vp8: eb34c28f22e8b96e1ab97ce403110664 -> 
  custom:video-decoder-webm-vp8: 9c59270c3fd7afecdb556c50c9e8de78 -> 
  custom:audio-decoder-ogg-vorbis: bf7c407c2cedff20999df2af8eb42d56 -> 
  custom:audio-encoder-webm-vorbis: bf7c407c2cedff20999df2af8eb42d56 -> 
========================================================================
Received Import Request.
  Time since last request: 227.265364 seconds.
  path: Assets/Scripts/TimerToMainMen
  artifactKey: Guid(d1e900a3aea981e45bbab0d1ac008a54) Importer(815301076,1909f56bfc062723c751e8b465ee728b)
Start importing Assets/Scripts/TimerToMainMen using Guid(d1e900a3aea981e45bbab0d1ac008a54) Importer(815301076,1909f56bfc062723c751e8b465ee728b)  -> (artifact id: 'dd2e79e39a0bd9bd09f94b6fa8974d47') in 0.012304 seconds 
  Import took 0.016550 seconds .

========================================================================
Received Import Request.
  Time since last request: 8.433584 seconds.
  path: Assets/Scripts/TimerToMainMenu.cs
  artifactKey: Guid(7ce2a2ef12dbf4a41a2bb429b1ce4da3) Importer(815301076,1909f56bfc062723c751e8b465ee728b)
Start importing Assets/Scripts/TimerToMainMenu.cs using Guid(7ce2a2ef12dbf4a41a2bb429b1ce4da3) Importer(815301076,1909f56bfc062723c751e8b465ee728b)  -> (artifact id: '8e88ad131a28f748a8b698713d6f969e') in 0.029825 seconds 
  Import took 0.034376 seconds .

========================================================================
Received Prepare
Registering precompiled user dll's ...
Registered in 0.003722 seconds.
Begin MonoManager ReloadAssembly
Native extension for WindowsStandalone target not found
Refreshing native plugins compatible for Editor in 0.50 ms, found 3 plugins.
Preloading 0 native plugins for Editor in 0.00 ms.
Mono: successfully reloaded assembly
- Completed reload, in  0.911 seconds
Domain Reload Profiling:
	ReloadAssembly (912ms)
		BeginReloadAssembly (106ms)
			ExecutionOrderSort (0ms)
			DisableScriptedObjects (6ms)
			BackupInstance (0ms)
			ReleaseScriptingObjects (0ms)
			CreateAndSetChildDomain (34ms)
		EndReloadAssembly (747ms)
			LoadAssemblies (81ms)
			RebuildTransferFunctionScriptingTraits (0ms)
			SetupTypeCache (273ms)
			ReleaseScriptCaches (1ms)
			RebuildScriptCaches (38ms)
			SetupLoadedEditorAssemblies (262ms)
				LogAssemblyErrors (0ms)
				InitializePlatformSupportModulesInManaged (4ms)
				SetLoadedEditorAssemblies (0ms)
				RefreshPlugins (1ms)
				BeforeProcessingInitializeOnLoad (54ms)
				ProcessInitializeOnLoadAttributes (189ms)
				ProcessInitializeOnLoadMethodAttributes (10ms)
				AfterProcessingInitializeOnLoad (5ms)
				EditorAssembliesLoaded (0ms)
			ExecutionOrderSort2 (0ms)
			AwakeInstancesAfterBackupRestoration (9ms)
Platform modules already initialized, skipping
Refreshing native plugins compatible for Editor in 0.55 ms, found 3 plugins.
Preloading 0 native plugins for Editor in 0.00 ms.
Unloading 2202 Unused Serialized files (Serialized files now loaded: 0)
System memory in use before: 100.3 MB.
System memory in use after: 100.4 MB.

Unloading 18 unused Assets to reduce memory usage. Loaded Objects now: 2693.
Total: 2.957600 ms (FindLiveObjects: 0.217000 ms CreateObjectMapping: 0.103500 ms MarkObjects: 2.622700 ms  DeleteObjects: 0.013400 ms)

AssetImportParameters requested are different than current active one (requested -> active):
  custom:framework-win-MediaFoundation: 216162199b28c13a410421893ffa2e32 -> 
  custom:video-decoder-ogg-theora: a1e56fd34408186e4bbccfd4996cb3dc -> 
  custom:container-muxer-webm: aa71ff27fc2769a1b78a27578f13a17b -> 
  custom:container-demuxer-webm: 4f35f7cbe854078d1ac9338744f61a02 -> 
  custom:container-demuxer-ogg: 62fdf1f143b41e24485cea50d1cbac27 -> 
  custom:video-encoder-webm-vp8: eb34c28f22e8b96e1ab97ce403110664 -> 
  custom:video-decoder-webm-vp8: 9c59270c3fd7afecdb556c50c9e8de78 -> 
  custom:audio-decoder-ogg-vorbis: bf7c407c2cedff20999df2af8eb42d56 -> 
  custom:audio-encoder-webm-vorbis: bf7c407c2cedff20999df2af8eb42d56 -> 
========================================================================
Received Import Request.
  Time since last request: 235.838163 seconds.
  path: Assets/Scripts/TimerToMainMenu.cs
  artifactKey: Guid(7ce2a2ef12dbf4a41a2bb429b1ce4da3) Importer(815301076,1909f56bfc062723c751e8b465ee728b)
Start importing Assets/Scripts/TimerToMainMenu.cs using Guid(7ce2a2ef12dbf4a41a2bb429b1ce4da3) Importer(815301076,1909f56bfc062723c751e8b465ee728b)  -> (artifact id: '3517156dc35f9403938fcd9fdec59cef') in 0.010083 seconds 
  Import took 0.016372 seconds .

========================================================================
Received Import Request.
  Time since last request: 43.296816 seconds.
  path: Assets/Scripts/TimerToMainMenu.cs
  artifactKey: Guid(7ce2a2ef12dbf4a41a2bb429b1ce4da3) Importer(815301076,1909f56bfc062723c751e8b465ee728b)
Start importing Assets/Scripts/TimerToMainMenu.cs using Guid(7ce2a2ef12dbf4a41a2bb429b1ce4da3) Importer(815301076,1909f56bfc062723c751e8b465ee728b)  -> (artifact id: 'e3f23d05c03ead85c0ee6672792f3cc0') in 0.004098 seconds 
  Import took 0.010405 seconds .

========================================================================
Received Import Request.
  Time since last request: 21.694184 seconds.
  path: Assets/Scripts/TimerToMainMenu.cs
  artifactKey: Guid(7ce2a2ef12dbf4a41a2bb429b1ce4da3) Importer(815301076,1909f56bfc062723c751e8b465ee728b)
Start importing Assets/Scripts/TimerToMainMenu.cs using Guid(7ce2a2ef12dbf4a41a2bb429b1ce4da3) Importer(815301076,1909f56bfc062723c751e8b465ee728b)  -> (artifact id: '9311d361445d9577bbd7d9105ff58746') in 0.003844 seconds 
  Import took 0.010839 seconds .

========================================================================
Received Import Request.
  Time since last request: 20.553113 seconds.
  path: Assets/Scripts/TimerToMainMenu.cs
  artifactKey: Guid(7ce2a2ef12dbf4a41a2bb429b1ce4da3) Importer(815301076,1909f56bfc062723c751e8b465ee728b)
Start importing Assets/Scripts/TimerToMainMenu.cs using Guid(7ce2a2ef12dbf4a41a2bb429b1ce4da3) Importer(815301076,1909f56bfc062723c751e8b465ee728b)  -> (artifact id: '92af4f513b9e9d983cf19319b95d7ab8') in 0.006914 seconds 
  Import took 0.013727 seconds .

========================================================================
Received Import Request.
  Time since last request: 32.811242 seconds.
  path: Assets/Scripts/TimerToMainMenu.cs
  artifactKey: Guid(7ce2a2ef12dbf4a41a2bb429b1ce4da3) Importer(815301076,1909f56bfc062723c751e8b465ee728b)
Start importing Assets/Scripts/TimerToMainMenu.cs using Guid(7ce2a2ef12dbf4a41a2bb429b1ce4da3) Importer(815301076,1909f56bfc062723c751e8b465ee728b)  -> (artifact id: '506cca60e5eccc033d692d478fddb270') in 0.004600 seconds 
  Import took 0.009800 seconds .

========================================================================
Received Prepare
Registering precompiled user dll's ...
Registered in 0.003811 seconds.
Begin MonoManager ReloadAssembly
Native extension for WindowsStandalone target not found
Refreshing native plugins compatible for Editor in 0.53 ms, found 3 plugins.
Preloading 0 native plugins for Editor in 0.00 ms.
Mono: successfully reloaded assembly
- Completed reload, in  0.969 seconds
Domain Reload Profiling:
	ReloadAssembly (969ms)
		BeginReloadAssembly (117ms)
			ExecutionOrderSort (0ms)
			DisableScriptedObjects (5ms)
			BackupInstance (0ms)
			ReleaseScriptingObjects (0ms)
			CreateAndSetChildDomain (33ms)
		EndReloadAssembly (793ms)
			LoadAssemblies (102ms)
			RebuildTransferFunctionScriptingTraits (0ms)
			SetupTypeCache (292ms)
			ReleaseScriptCaches (1ms)
			RebuildScriptCaches (47ms)
			SetupLoadedEditorAssemblies (259ms)
				LogAssemblyErrors (0ms)
				InitializePlatformSupportModulesInManaged (4ms)
				SetLoadedEditorAssemblies (0ms)
				RefreshPlugins (1ms)
				BeforeProcessingInitializeOnLoad (52ms)
				ProcessInitializeOnLoadAttributes (188ms)
				ProcessInitializeOnLoadMethodAttributes (9ms)
				AfterProcessingInitializeOnLoad (4ms)
				EditorAssembliesLoaded (0ms)
			ExecutionOrderSort2 (0ms)
			AwakeInstancesAfterBackupRestoration (7ms)
Platform modules already initialized, skipping
Refreshing native plugins compatible for Editor in 0.58 ms, found 3 plugins.
Preloading 0 native plugins for Editor in 0.00 ms.
Unloading 2202 Unused Serialized files (Serialized files now loaded: 0)
System memory in use before: 100.3 MB.
System memory in use after: 100.4 MB.

Unloading 18 unused Assets to reduce memory usage. Loaded Objects now: 2695.
Total: 2.572000 ms (FindLiveObjects: 0.174500 ms CreateObjectMapping: 0.077300 ms MarkObjects: 2.306600 ms  DeleteObjects: 0.012800 ms)

AssetImportParameters requested are different than current active one (requested -> active):
  custom:framework-win-MediaFoundation: 216162199b28c13a410421893ffa2e32 -> 
  custom:video-decoder-ogg-theora: a1e56fd34408186e4bbccfd4996cb3dc -> 
  custom:container-muxer-webm: aa71ff27fc2769a1b78a27578f13a17b -> 
  custom:container-demuxer-webm: 4f35f7cbe854078d1ac9338744f61a02 -> 
  custom:container-demuxer-ogg: 62fdf1f143b41e24485cea50d1cbac27 -> 
  custom:video-encoder-webm-vp8: eb34c28f22e8b96e1ab97ce403110664 -> 
  custom:video-decoder-webm-vp8: 9c59270c3fd7afecdb556c50c9e8de78 -> 
  custom:audio-decoder-ogg-vorbis: bf7c407c2cedff20999df2af8eb42d56 -> 
  custom:audio-encoder-webm-vorbis: bf7c407c2cedff20999df2af8eb42d56 -> 
========================================================================
Received Import Request.
  Time since last request: 16.834948 seconds.
  path: Assets/Scripts/TimerToMainMenu.cs
  artifactKey: Guid(7ce2a2ef12dbf4a41a2bb429b1ce4da3) Importer(815301076,1909f56bfc062723c751e8b465ee728b)
Start importing Assets/Scripts/TimerToMainMenu.cs using Guid(7ce2a2ef12dbf4a41a2bb429b1ce4da3) Importer(815301076,1909f56bfc062723c751e8b465ee728b)  -> (artifact id: '35815de511fd3cfcf902bc27f4d5054a') in 0.005198 seconds 
  Import took 0.008119 seconds .

========================================================================
Received Import Request.
  Time since last request: 10.455160 seconds.
  path: Assets/Scenes/Prova Video.unity
  artifactKey: Guid(a3d8a10346298964c86bceb1c55685a9) Importer(815301076,1909f56bfc062723c751e8b465ee728b)
Start importing Assets/Scenes/Prova Video.unity using Guid(a3d8a10346298964c86bceb1c55685a9) Importer(815301076,1909f56bfc062723c751e8b465ee728b)  -> (artifact id: '5b946191fb7350292e27c852128dfddc') in 0.021980 seconds 
  Import took 0.026406 seconds .

========================================================================
Received Prepare
Registering precompiled user dll's ...
Registered in 0.005107 seconds.
Begin MonoManager ReloadAssembly
Native extension for WindowsStandalone target not found
Refreshing native plugins compatible for Editor in 0.53 ms, found 3 plugins.
Preloading 0 native plugins for Editor in 0.00 ms.
Mono: successfully reloaded assembly
- Completed reload, in  1.040 seconds
Domain Reload Profiling:
	ReloadAssembly (1041ms)
		BeginReloadAssembly (127ms)
			ExecutionOrderSort (0ms)
			DisableScriptedObjects (6ms)
			BackupInstance (0ms)
			ReleaseScriptingObjects (0ms)
			CreateAndSetChildDomain (42ms)
		EndReloadAssembly (850ms)
			LoadAssemblies (93ms)
			RebuildTransferFunctionScriptingTraits (0ms)
			SetupTypeCache (317ms)
			ReleaseScriptCaches (1ms)
			RebuildScriptCaches (45ms)
			SetupLoadedEditorAssemblies (291ms)
				LogAssemblyErrors (0ms)
				InitializePlatformSupportModulesInManaged (5ms)
				SetLoadedEditorAssemblies (0ms)
				RefreshPlugins (1ms)
				BeforeProcessingInitializeOnLoad (57ms)
				ProcessInitializeOnLoadAttributes (212ms)
				ProcessInitializeOnLoadMethodAttributes (11ms)
				AfterProcessingInitializeOnLoad (5ms)
				EditorAssembliesLoaded (0ms)
			ExecutionOrderSort2 (0ms)
			AwakeInstancesAfterBackupRestoration (10ms)
Platform modules already initialized, skipping
Refreshing native plugins compatible for Editor in 0.55 ms, found 3 plugins.
Preloading 0 native plugins for Editor in 0.00 ms.
Unloading 2202 Unused Serialized files (Serialized files now loaded: 0)
System memory in use before: 100.3 MB.
System memory in use after: 100.5 MB.

Unloading 18 unused Assets to reduce memory usage. Loaded Objects now: 2697.
Total: 3.255700 ms (FindLiveObjects: 0.210000 ms CreateObjectMapping: 0.353000 ms MarkObjects: 2.674900 ms  DeleteObjects: 0.016900 ms)

AssetImportParameters requested are different than current active one (requested -> active):
  custom:framework-win-MediaFoundation: 216162199b28c13a410421893ffa2e32 -> 
  custom:video-decoder-ogg-theora: a1e56fd34408186e4bbccfd4996cb3dc -> 
  custom:container-muxer-webm: aa71ff27fc2769a1b78a27578f13a17b -> 
  custom:container-demuxer-webm: 4f35f7cbe854078d1ac9338744f61a02 -> 
  custom:container-demuxer-ogg: 62fdf1f143b41e24485cea50d1cbac27 -> 
  custom:video-encoder-webm-vp8: eb34c28f22e8b96e1ab97ce403110664 -> 
  custom:video-decoder-webm-vp8: 9c59270c3fd7afecdb556c50c9e8de78 -> 
  custom:audio-decoder-ogg-vorbis: bf7c407c2cedff20999df2af8eb42d56 -> 
  custom:audio-encoder-webm-vorbis: bf7c407c2cedff20999df2af8eb42d56 -> 
AssetImportWorkerClient::OnTransportError - code=2 error=End of file
